TN:
SF:controller.js
FN:4,getProduct
FN:12,getAllProducts
FN:21,getStyles
FN:37,getRelatedProducts
FNF:4
FNH:3
FNDA:1,getProduct
FNDA:0,getAllProducts
FNDA:1,getStyles
FNDA:1,getRelatedProducts
DA:1,1
DA:2,1
DA:3,1
DA:4,1
DA:5,1
DA:6,1
DA:7,1
DA:8,1
DA:9,1
DA:10,1
DA:11,1
DA:12,1
DA:13,0
DA:14,0
DA:15,0
DA:16,0
DA:17,0
DA:18,0
DA:19,1
DA:20,1
DA:21,1
DA:22,1
DA:23,1
DA:24,6
DA:25,6
DA:26,6
DA:27,6
DA:28,36
DA:29,36
DA:30,6
DA:31,6
DA:32,6
DA:33,6
DA:34,1
DA:35,1
DA:36,1
DA:37,1
DA:38,1
DA:39,1
DA:40,4
DA:41,1
DA:42,1
DA:43,1
DA:44,1
DA:45,1
LF:45
LH:39
BRDA:1,0,0,1
BRDA:4,1,0,1
BRDA:21,2,0,1
BRDA:23,3,0,6
BRDA:27,4,0,36
BRDA:37,5,0,1
BRDA:39,6,0,4
BRF:7
BRH:7
end_of_record
TN:
SF:db.js
FN:11,queryAllProducts
FN:28,queryProduct
FN:40,queryStyles
FN:52,queryPhotos
FN:64,querySkus
FN:76,queryRelated
FN:88,queryFeatures
FN:100,close
FN:105,open
FNF:9
FNH:0
FNDA:0,queryAllProducts
FNDA:0,queryProduct
FNDA:0,queryStyles
FNDA:0,queryPhotos
FNDA:0,querySkus
FNDA:0,queryRelated
FNDA:0,queryFeatures
FNDA:0,close
FNDA:0,open
DA:1,1
DA:2,1
DA:3,1
DA:4,1
DA:5,1
DA:6,1
DA:7,1
DA:8,1
DA:9,1
DA:10,1
DA:11,1
DA:12,0
DA:13,0
DA:14,0
DA:15,0
DA:16,0
DA:17,0
DA:18,0
DA:19,0
DA:20,0
DA:21,0
DA:22,0
DA:23,0
DA:24,0
DA:25,0
DA:26,1
DA:27,1
DA:28,1
DA:29,0
DA:30,0
DA:31,0
DA:32,0
DA:33,0
DA:34,0
DA:35,0
DA:36,0
DA:37,0
DA:38,1
DA:39,1
DA:40,1
DA:41,0
DA:42,0
DA:43,0
DA:44,0
DA:45,0
DA:46,0
DA:47,0
DA:48,0
DA:49,0
DA:50,1
DA:51,1
DA:52,1
DA:53,0
DA:54,0
DA:55,0
DA:56,0
DA:57,0
DA:58,0
DA:59,0
DA:60,0
DA:61,0
DA:62,1
DA:63,1
DA:64,1
DA:65,0
DA:66,0
DA:67,0
DA:68,0
DA:69,0
DA:70,0
DA:71,0
DA:72,0
DA:73,0
DA:74,1
DA:75,1
DA:76,1
DA:77,0
DA:78,0
DA:79,0
DA:80,0
DA:81,0
DA:82,0
DA:83,0
DA:84,0
DA:85,0
DA:86,1
DA:87,1
DA:88,1
DA:89,0
DA:90,0
DA:91,0
DA:92,0
DA:93,0
DA:94,0
DA:95,0
DA:96,0
DA:97,0
DA:98,1
DA:99,1
DA:100,1
DA:101,0
DA:102,0
DA:103,1
DA:104,1
DA:105,1
DA:106,0
DA:107,0
DA:108,0
DA:109,0
DA:110,0
DA:111,0
DA:112,0
DA:113,1
DA:114,1
DA:115,1
LF:115
LH:38
BRDA:1,0,0,1
BRF:1
BRH:1
end_of_record
